"../../../Engine/Content/Functions/Engine_MaterialFunctions01/Opacity/CameraDepthFade.uasset" 0
"../../../Engine/Content/EngineMaterials/T_Default_Material_Grid_M.uasset" 1
"../../../Engine/Content/EngineMaterials/T_Default_Material_Grid_N.uasset" 2
"../../../Engine/Content/EngineMaterials/WorldGridMaterial.uasset" 3
"../../../Engine/Content/BasicShapes/Cube.uasset" 4
"../../../Engine/Content/EngineMaterials/DefaultMaterial.uasset" 5
"../../../Engine/Content/BasicShapes/Cylinder.uasset" 6
"../../../Engine/Content/BasicShapes/Plane.uasset" 7
"../../../Engine/Content/BasicShapes/Sphere.uasset" 8
"../../../Engine/Content/EditorLandscapeResources/DataLayer.uasset" 9
"../../../Engine/Content/EditorMaterials/GizmoMaterial.uasset" 10
"../../../Engine/Content/EditorMaterials/MAT_Groups_Toggle.uasset" 11
"../../../Engine/Content/EditorMaterials/MAT_Groups_Visibility.uasset" 12
"../../../Engine/Content/EditorMaterials/PreviewShadowIndicator.uasset" 13
"../../../Engine/Content/EditorMaterials/PreviewShadowIndicatorMaterial.uasset" 14
"../../../Engine/Content/EditorMaterials/AssetViewer/EpicQuadPanorama_CC+EV1.uasset" 15
"../../../Engine/Content/EditorMaterials/MatineeGroups/MAT_ColorTrack.uasset" 16
"../../../Engine/Content/EditorMaterials/MatineeGroups/MAT_Groups_Anim.uasset" 17
"../../../Engine/Content/EditorMaterials/MatineeGroups/MAT_Groups_AudioMaster.uasset" 18
"../../../Engine/Content/EditorMaterials/MatineeGroups/MAT_Groups_Director.uasset" 19
"../../../Engine/Content/EditorMaterials/MatineeGroups/MAT_Groups_Event.uasset" 20
"../../../Engine/Content/EditorMaterials/MatineeGroups/MAT_Groups_Fade.uasset" 21
"../../../Engine/Content/EditorMaterials/MatineeGroups/MAT_Groups_Float.uasset" 22
"../../../Engine/Content/EditorMaterials/MatineeGroups/MAT_Groups_Move.uasset" 23
"../../../Engine/Content/EditorMaterials/MatineeGroups/MAT_Groups_Slomo.uasset" 24
"../../../Engine/Content/EditorMaterials/MatineeGroups/MAT_Groups_Sound.uasset" 25
"../../../Engine/Content/EditorMaterials/MatineeGroups/MAT_Groups_Vector.uasset" 26
"../../../Engine/Content/EditorMaterials/ParticleSystems/PSysThumbnail_NoImage.uasset" 27
"../../../Engine/Content/EditorMaterials/ParticleSystems/PSysThumbnail_OOD.uasset" 28
"../../../Engine/Content/EditorMaterials/Camera/CineMat.uasset" 29
"../../../Engine/Content/EditorMaterials/Camera/MI_CineMat_Rig.uasset" 30
"../../../Engine/Content/EditorMeshes/Camera/SM_CraneRig_Arm.uasset" 31
"../../../Engine/Content/EditorMeshes/Camera/SM_CraneRig_Base.uasset" 32
"../../../Engine/Content/EditorMeshes/Camera/SM_CraneRig_Body.uasset" 33
"../../../Engine/Content/EditorMeshes/Camera/SM_CraneRig_Mount.uasset" 34
"../../../Engine/Content/EditorMeshes/Camera/SM_RailRig_Mount.uasset" 35
"../../../Engine/Content/EditorMeshes/Camera/SM_RailRig_Track.uasset" 36
"../../../Engine/Content/EditorMeshes/ColorCalibrator/M_ChromeBall.uasset" 37
"../../../Engine/Content/EditorMeshes/ColorCalibrator/M_ClearCoat.uasset" 38
"../../../Engine/Content/EditorMeshes/ColorCalibrator/M_ClearCoatBlack.uasset" 39
"../../../Engine/Content/EditorMeshes/ColorCalibrator/T_ColorGrid.uasset" 40
"../../../Engine/Content/EditorMeshes/ColorCalibrator/M_ColorGrid.uasset" 41
"../../../Engine/Content/EditorMeshes/ColorCalibrator/M_GreyBall.uasset" 42
"../../../Engine/Content/EditorMeshes/ColorCalibrator/SM_ColorCalibrator.uasset" 43
"../../../Engine/Content/EditorResources/BSPVertex.uasset" 44
"../../../Engine/Content/EditorResources/RGBTable16x1_AssetViewer.uasset" 45
"../../../Engine/Content/EditorResources/S_Actor.uasset" 46
"../../../Engine/Content/EditorResources/S_Trigger.uasset" 47
"../../../Engine/Content/EditorResources/SequenceRecorder/Countdown.uasset" 48
"../../../Engine/Content/EditorResources/SequenceRecorder/RecordingIndicator.uasset" 49
"../../../Engine/Content/EditorSounds/Notifications/CompileFailed.uasset" 50
"../../../Engine/Content/EditorSounds/Notifications/CompileFailed_Cue.uasset" 51
"../../../Engine/Content/EditorSounds/Notifications/CompileSuccess.uasset" 52
"../../../Engine/Content/EditorSounds/Notifications/CompileStart_Cue.uasset" 53
"../../../Engine/Content/EditorSounds/Notifications/CompileSuccess_Cue.uasset" 54
"../../../Engine/Content/EngineDamageTypes/DmgTypeBP_Environmental.uasset" 55
"../../../Engine/Content/EngineDebugMaterials/HeatmapGradient.uasset" 56
"../../../Engine/Content/EngineDebugMaterials/BoneWeightMaterial.uasset" 57
"../../../Engine/Content/EngineDebugMaterials/DebugMeshMaterial.uasset" 58
"../../../Engine/Content/EngineDebugMaterials/GeomMaterial.uasset" 59
"../../../Engine/Content/EngineFonts/Faces/RobotoBold.uasset" 60
"../../../Engine/Content/EngineFonts/Faces/RobotoBoldItalic.uasset" 61
"../../../Engine/Content/EngineFonts/Faces/RobotoItalic.uasset" 62
"../../../Engine/Content/EngineFonts/Faces/RobotoLight.uasset" 63
"../../../Engine/Content/EngineFonts/Faces/RobotoRegular.uasset" 64
"../../../Engine/Content/EngineFonts/Roboto.uasset" 65
"../../../Engine/Content/EngineFonts/Faces/RobotoTiny.uasset" 66
"../../../Engine/Content/EngineFonts/RobotoTiny.uasset" 67
"../../../Engine/Content/EngineMaterials/DefaultBokeh.uasset" 68
"../../../Engine/Content/EngineMaterials/DefaultDiffuse.uasset" 69
"../../../Engine/Content/EngineMaterials/DefaultDeferredDecalMaterial.uasset" 70
"../../../Engine/Content/EngineMaterials/DefaultLightFunctionMaterial.uasset" 71
"../../../Engine/Content/EngineMaterials/DefaultPhysicalMaterial.uasset" 72
"../../../Engine/Content/Functions/Engine_MaterialFunctions02/Utility/BreakOutFloat2Components.uasset" 73
"../../../Engine/Content/EngineMaterials/DefaultPostProcessMaterial.uasset" 74
"../../../Engine/Content/EngineFonts/RobotoDistanceField.uasset" 75
"../../../Engine/Content/EngineMaterials/DefaultTextMaterialOpaque.uasset" 76
"../../../Engine/Content/EngineMaterials/DefaultWhiteGrid.uasset" 77
"../../../Engine/Content/EngineMaterials/EditorBrushMaterial.uasset" 78
"../../../Engine/Content/EngineMaterials/Good64x64TilingNoiseHighFreq.uasset" 79
"../../../Engine/Content/EngineMaterials/MiniFont.uasset" 80
"../../../Engine/Content/EngineMaterials/InvalidLightmapSettings.uasset" 81
"../../../Engine/Content/EngineMaterials/M_InvalidLightmapSettings.uasset" 82
"../../../Engine/Content/EngineMaterials/PhAT_JointLimitMaterial.uasset" 83
"../../../Engine/Content/EngineMaterials/PreintegratedSkinBRDF.uasset" 84
"../../../Engine/Content/EngineMaterials/RemoveSurfaceMaterial.uasset" 85
"../../../Engine/Content/EngineMaterials/WeightMapPlaceholderTexture.uasset" 86
"../../../Engine/Content/EngineResources/WhiteSquareTexture.uasset" 87
"../../../Engine/Content/EngineMaterials/Widget3DPassThrough.uasset" 88
"../../../Engine/Content/EngineMaterials/Widget3DPassThrough_Masked.uasset" 89
"../../../Engine/Content/EngineMaterials/Widget3DPassThrough_Opaque.uasset" 90
"../../../Engine/Content/EngineMaterials/Widget3DPassThrough_Masked_OneSided.uasset" 91
"../../../Engine/Content/EngineMaterials/Widget3DPassThrough_Opaque_OneSided.uasset" 92
"../../../Engine/Content/EngineMaterials/Widget3DPassThrough_Translucent.uasset" 93
"../../../Engine/Content/EngineMaterials/Widget3DPassThrough_Translucent_OneSided.uasset" 94
"../../../Engine/Content/EngineMeshes/Cube.uasset" 95
"../../../Engine/Content/EngineMeshes/Cylinder.uasset" 96
"../../../Engine/Content/EngineMeshes/Sphere.uasset" 97
"../../../Engine/Content/EngineResources/Black.uasset" 98
"../../../Engine/Content/EngineResources/DefaultTexture.uasset" 99
"../../../Engine/Content/EngineResources/DefaultTextureCube.uasset" 100
"../../../Engine/Content/EngineResources/GradientTexture0.uasset" 101
"../../../Engine/Content/EngineSounds/Master.uasset" 102
"../../../Engine/Content/Functions/Engine_MaterialFunctions01/Shading/ConvertFromDiffSpec.uasset" 103
"../../../Engine/Content/Functions/Engine_MaterialFunctions01/Shading/PowerToRoughness.uasset" 104
"../../../Engine/Content/Maps/Templates/Thumbnails/Default.uasset" 105
"../../../Engine/Content/Maps/Templates/Thumbnails/VR-Basic.uasset" 106
"../../../Engine/Content/MobileResources/T_MobileControls_texture.uasset" 107
"../../../Engine/Content/MobileResources/T_MobileMenu2.uasset" 108
"../../../Engine/Content/MobileResources/HUD/AnalogHat.uasset" 109
"../../../Engine/Content/MobileResources/HUD/VirtualJoystick_Background.uasset" 110
"../../../Engine/Content/MobileResources/HUD/VirtualJoystick_Thumb.uasset" 111
"../../../Engine/Content/MobileResources/HUD/DefaultVirtualJoysticks.uasset" 112
"../../../Engine/Content/MobileResources/HUD/LeftVirtualJoystickOnly.uasset" 113
"../../../Engine/Content/MobileResources/HUD/MobileHUDButton1_off.uasset" 114
"../../../Engine/Content/MobileResources/HUD/MobileHUDButton1_on.uasset" 115
"../../../Engine/Content/MobileResources/HUD/MobileHUDButton2_off.uasset" 116
"../../../Engine/Content/MobileResources/HUD/MobileHUDButton2_on.uasset" 117
"../../../Engine/Content/MobileResources/HUD/MobileHUDButton3.uasset" 118
"../../../Engine/Content/MobileResources/HUD/MobileHUDButtonFire.uasset" 119
"../../../Engine/Content/MobileResources/HUD/MobileHUDDirectionPad.uasset" 120
"../../../Engine/Content/MobileResources/HUD/MobileHUDDirectionPad2.uasset" 121
"../../../Engine/Content/MobileResources/HUD/MobileHUDDirectionPad3.uasset" 122
"../../../Engine/Content/MobileResources/HUD/MobileHUDDirectionStick.uasset" 123
"../../../Engine/Content/MobileResources/HUD/T_Castle_ThumbstickInner.uasset" 124
"../../../Engine/Content/MobileResources/HUD/T_Castle_ThumbstickOutter.uasset" 125
"../../../Engine/Content/Tutorial/ContentIntroCurve.uasset" 126
"../../../Engine/Content/Tutorial/Basics/TutorialAssets/icon_tab_Levels_40x.uasset" 127
"../../../Engine/Content/Tutorial/BlueprintTutorials/TutorialAssets/BlueprintInterface_64x.uasset" 128
"../../../Engine/Content/Tutorial/BlueprintTutorials/TutorialAssets/BlueprintMacroLibrary_64x.uasset" 129
"../../../Engine/Content/Tutorial/BlueprintTutorials/TutorialAssets/Blueprint_64x.uasset" 130
"../../../Engine/Content/Tutorial/BlueprintTutorials/TutorialAssets/Tutorial_BP_Interface.uasset" 131
"../../../Engine/Content/Tutorial/Foliage/TutorialAssets/Foliage.uasset" 132
"../../../Engine/Content/Tutorial/Landscape/TutorialAssets/Landscape.uasset" 133
"../../../Engine/Content/Tutorial/Paper2D/TutorialAssets/Paper2DFlipbook_TutorialIcon.uasset" 134
"../../../Engine/Content/Tutorial/Paper2D/TutorialAssets/Paper2DSprite_TutorialIcon.uasset" 135
"../../../Engine/Content/Tutorial/SubEditors/TutorialAssets/icon_Editor_Preferences_General_40x.uasset" 136
"../../../Engine/Content/Tutorial/SubEditors/TutorialAssets/icon_ShowSkeletalMeshes_40x.uasset" 137
"../../../Engine/Content/Tutorial/SubEditors/TutorialAssets/TutorialMaterial.uasset" 138
"../../../Engine/Content/Tutorial/SubEditors/TutorialAssets/T_SmokeSubUV_8X8.uasset" 139
"../../../Engine/Content/Tutorial/SubEditors/TutorialAssets/T_soft_smoke.uasset" 140
"../../../Engine/Content/Tutorial/SubEditors/TutorialAssets/M_smoke_subUV_blackbody.uasset" 141
"../../../Engine/Content/Tutorial/SubEditors/TutorialAssets/TutorialParticleSystem.uasset" 142
"../../../Engine/Content/EditorMeshes/EditorCube.uasset" 143
"../../../Engine/Content/Tutorial/SubEditors/TutorialAssets/Tutorial_DM.uasset" 144
"../../../Engine/Content/VREditor/Devices/Generic/GenericHMDMaterial.uasset" 145
"../../../Engine/Content/VREditor/Devices/Generic/GenericHMD.uasset" 146
"../../../Engine/Content/VREditor/FloatingText/LineMaterial.uasset" 147
"../../../Engine/Content/VREditor/FloatingText/JointSphere.uasset" 148
"../../../Engine/Content/VREditor/FloatingText/LineSegmentCylinder.uasset" 149
"../../../Engine/Content/VREditor/Fonts/VRText_RobotoLarge.uasset" 150
"../../../Engine/Content/VREditor/Fonts/VRTextMaterial.uasset" 151
"../../../Engine/Content/VREditor/Fonts/TranslucentVRTextMaterial.uasset" 152
"../../../Engine/Content/VREditor/LaserPointer/VR_LaserPower_01.uasset" 153
"../../../Engine/Content/VREditor/LaserPointer/LaserPointerMaterial.uasset" 154
"../../../Engine/Content/VREditor/LaserPointer/LaserPointerMaterialInst.uasset" 155
"../../../Engine/Content/VREditor/LaserPointer/TranslucentLaserPointerMaterialInst.uasset" 156
"../../../Engine/Content/VREditor/LaserPointer/LaserPointerMesh.uasset" 157
"../../../Engine/Content/VREditor/Sounds/VR_grab_Cue.uasset" 158
"../../../Engine/Content/VREditor/Sounds/VR_teleport_Cue.uasset" 159
"../../../Engine/Content/VREditor/TransformGizmo/TransformGizmoMaterial.uasset" 160
"../../../Engine/Content/VREditor/TransformGizmo/TranslucentTransformGizmoMaterial.uasset" 161
"../../../Engine/Content/VREditor/TransformGizmo/BoundingBoxCorner.uasset" 162
"../../../Engine/Content/VREditor/TransformGizmo/BoundingBoxEdge.uasset" 163
"../../../Engine/Content/VREditor/TransformGizmo/PlaneTranslationHandle.uasset" 164
"../../../Engine/Content/VREditor/TransformGizmo/RotationHandle.uasset" 165
"../../../Engine/Content/VREditor/TransformGizmo/RotationHandleFull.uasset" 166
"../../../Engine/Content/VREditor/TransformGizmo/StretchingHandle.uasset" 167
"../../../Engine/Content/VREditor/TransformGizmo/TranslateHandleLong.uasset" 168
"../../../Engine/Content/VREditor/TransformGizmo/TranslationHandle.uasset" 169
"../../../Engine/Content/VREditor/TransformGizmo/UniformScaleHandle.uasset" 170
"../../../Engine/Content/VREditor/UI/CloseButtonMesh.uasset" 171
"../../../Engine/Content/VREditor/UI/SelectionBarMesh.uasset" 172
"../../../Engine/Content/Functions/Engine_MaterialFunctions01/Gradient/RadialGradient.uasset" 173
"../../../Engine/Content/VREditor/WorldMovementGrid/SimpleGrid.uasset" 174
"../../../Engine/Content/VREditor/WorldMovementGrid/GridMaterial.uasset" 175
"../../../Engine/Content/Functions/Engine_MaterialFunctions01/Density/ExponentialDensity.uasset" 176
"../../../Engine/Content/VREditor/WorldMovementGrid/GridPostProcess.uasset" 177
"../../../Engine/Content/EditorLandscapeResources/FlattenHeightMat.uasset" 178
"../../../Engine/Content/VREditor/WorldMovementGrid/PlaneMesh.uasset" 179
"../../../ProjectTemp/Content/Texture/Level/T_Wall_D.uasset" 180
"../../../ProjectTemp/Content/Texture/Level/T_Wall_N.uasset" 181
"../../../ProjectTemp/Content/Texture/Level/T_Wall_S.uasset" 182
"../../../ProjectTemp/Content/Material/M_Ceiling.uasset" 183
"../../../ProjectTemp/Content/Actor/StaticMesh/SM_Ceiling.uasset" 184
"../../../ProjectTemp/Content/Texture/Level/T_Coin01_D.uasset" 185
"../../../ProjectTemp/Content/Material/M_Coin01_D.uasset" 186
"../../../ProjectTemp/Content/Actor/StaticMesh/SM_Coin.uasset" 187
"../../../ProjectTemp/Content/Texture/Level/T_Floor.uasset" 188
"../../../ProjectTemp/Content/Material/M_Floor.uasset" 189
"../../../ProjectTemp/Content/Actor/StaticMesh/SM_FloorTurn.uasset" 190
"../../../ProjectTemp/Content/Texture/Level/T_NewObstacle_D.uasset" 191
"../../../ProjectTemp/Content/Texture/Level/T_NewObstacle_N.uasset" 192
"../../../ProjectTemp/Content/Texture/Level/T_NewObstacle_S.uasset" 193
"../../../ProjectTemp/Content/Material/M_Obstacle.uasset" 194
"../../../ProjectTemp/Content/Actor/StaticMesh/SM_ObstacleBasic.uasset" 195
"../../../Engine/Content/BasicShapes/BasicShapeMaterial.uasset" 196
"../../../ProjectTemp/Content/Actor/StaticMesh/SM_TempBullet.uasset" 197
"../../../ProjectTemp/Content/Actor/StaticMesh/SM_Floor.uasset" 198
"../../../ProjectTemp/Content/Blueprint/Actor/BP_Floor.uasset" 199
"../../../Engine/Content/EditorBlueprintResources/StandardMacros.uasset" 200
"../../../ProjectTemp/Content/Actor/StaticMesh/SM_Aim.uasset" 201
"../../../ProjectTemp/Content/Blueprint/Actor/BP_Aim.uasset" 202
"../../../ProjectTemp/Content/Blueprint/Actor/Parent/BP_BulletParent.uasset" 203
"../../../ProjectTemp/Content/Texture/Weapon/T_M4A1Bullet_D.uasset" 204
"../../../ProjectTemp/Content/Texture/Weapon/T_M4A1Bullet_M.uasset" 205
"../../../ProjectTemp/Content/Texture/Weapon/T_M4A1Bullet_N.uasset" 206
"../../../ProjectTemp/Content/Material/M_M4A1Bullet.uasset" 207
"../../../ProjectTemp/Content/Actor/StaticMesh/SM_M4A1Bullet.uasset" 208
"../../../ProjectTemp/Content/Blueprint/Actor/BP_M4A1Bullet.uasset" 209
"../../../ProjectTemp/Content/Texture/Weapon/T_PistolBullet_D.uasset" 210
"../../../ProjectTemp/Content/Texture/Weapon/T_PistolBullet_M.uasset" 211
"../../../ProjectTemp/Content/Texture/Weapon/T_PistolBullet_N.uasset" 212
"../../../ProjectTemp/Content/Material/M_PistolBullet.uasset" 213
"../../../ProjectTemp/Content/Actor/StaticMesh/SM_PistolBullet.uasset" 214
"../../../ProjectTemp/Content/Blueprint/Actor/BP_PistolBullet.uasset" 215
"../../../ProjectTemp/Content/Texture/Weapon/T_Ump45Bullet_D.uasset" 216
"../../../ProjectTemp/Content/Texture/Weapon/T_Ump45Bullet_M.uasset" 217
"../../../ProjectTemp/Content/Texture/Weapon/T_Ump45Bullet_N.uasset" 218
"../../../ProjectTemp/Content/Material/M_Ump45Bullet.uasset" 219
"../../../ProjectTemp/Content/Actor/StaticMesh/SM_Ump45Bullet.uasset" 220
"../../../ProjectTemp/Content/Blueprint/Actor/BP_Ump45Bullet.uasset" 221
"../../../ProjectTemp/Content/Blueprint/Actor/Parent/BP_ItemParent.uasset" 222
"../../../ProjectTemp/Content/Texture/Item/T_AmmoBox.uasset" 223
"../../../ProjectTemp/Content/Material/M_AmmoBox.uasset" 224
"../../../ProjectTemp/Content/Actor/StaticMesh/SM_BulletBox.uasset" 225
"../../../ProjectTemp/Content/Blueprint/Actor/BP_ItemBulletBox.uasset" 226
"../../../ProjectTemp/Content/Texture/Item/T_FirstAid.uasset" 227
"../../../ProjectTemp/Content/Material/M_FirstAid.uasset" 228
"../../../ProjectTemp/Content/Actor/StaticMesh/SM_HealPotion.uasset" 229
"../../../ProjectTemp/Content/Blueprint/Actor/BP_ItemHealPotion.uasset" 230
"../../../ProjectTemp/Content/Texture/Item/T_ItemBox2.uasset" 231
"../../../ProjectTemp/Content/Material/M_ItemBox.uasset" 232
"../../../ProjectTemp/Content/Actor/StaticMesh/SM_ItemBox.uasset" 233
"../../../ProjectTemp/Content/Blueprint/Actor/BP_ItemBox.uasset" 234
"../../../ProjectTemp/Content/Texture/Level/T_StoneFloor.uasset" 235
"../../../ProjectTemp/Content/Texture/Level/T_StoneFloor_N.uasset" 236
"../../../ProjectTemp/Content/Material/M_StoonFloor.uasset" 237
"../../../ProjectTemp/Content/Actor/StaticMesh/SM_Floor2.uasset" 238
"../../../ProjectTemp/Content/Blueprint/Actor/BP_Floor2.uasset" 239
"../../../ProjectTemp/Content/Actor/StaticMesh/SM_ObstacleNormal.uasset" 240
"../../../ProjectTemp/Content/Blueprint/Actor/BP_ObstacleNormal.uasset" 241
"../../../ProjectTemp/Content/Material/M_SoftStar.uasset" 242
"../../../ProjectTemp/Content/Actor/StaticMesh/SM_SoftStar.uasset" 243
"../../../ProjectTemp/Content/Blueprint/Actor/BP_Star.uasset" 244
"../../../ProjectTemp/Content/Actor/StaticMesh/SM_Celing2.uasset" 245
"../../../ProjectTemp/Content/Material/M_OpacityZero.uasset" 246
"../../../ProjectTemp/Content/Actor/StaticMesh/SM_Window.uasset" 247
"../../../ProjectTemp/Content/Blueprint/Actor/Parent/BP_PlatformParent.uasset" 248
"../../../ProjectTemp/Content/Blueprint/Actor/BP_Platform_Start.uasset" 249
"../../../ProjectTemp/Content/Blueprint/Actor/BP_SmallDartAPlatform.uasset" 250
"../../../ProjectTemp/Content/Material/M_DartA.uasset" 251
"../../../ProjectTemp/Content/Actor/StaticMesh/SM_SmallDartPlatform.uasset" 252
"../../../ProjectTemp/Content/Blueprint/Actor/Parent/BP_SmallDartPlatformParent.uasset" 253
"../../../ProjectTemp/Content/Material/M_DartB.uasset" 254
"../../../ProjectTemp/Content/Blueprint/Actor/BP_SmallDartBPlatform.uasset" 255
"../../../ProjectTemp/Content/Blueprint/Actor/BP_Scoreboard.uasset" 256
"../../../ProjectTemp/Content/Blueprint/Gamemode/MainGame/BP_HUD.uasset" 257
"../../../ProjectTemp/Content/Blueprint/Gamemode/MainGame/BP_PlayerCameraManager.uasset" 258
"../../../ProjectTemp/Content/Blueprint/Gamemode/MainGame/BP_PlayerController.uasset" 259
"../../../ProjectTemp/Content/Sound/Cue/Cue_BGM.uasset" 260
"../../../ProjectTemp/Content/Sound/Cue/Cue_EventSound.uasset" 261
"../../../ProjectTemp/Content/Blueprint/Gamemode/MainGame/BP_MainGamemode.uasset" 262
"../../../ProjectTemp/Content/Texture/Widget/T_Aim_WeaponQ.uasset" 263
"../../../ProjectTemp/Content/Material/M_Aim_01.uasset" 264
"../../../ProjectTemp/Content/Texture/Widget/T_Aim_WeaponW.uasset" 265
"../../../ProjectTemp/Content/Material/M_Aim_02.uasset" 266
"../../../ProjectTemp/Content/Texture/Widget/T_Aim_WeaponE.uasset" 267
"../../../ProjectTemp/Content/Material/M_Aim_03.uasset" 268
"../../../ProjectTemp/Content/Texture/Weapon/T_M4A1_SopmodIronSight_D.uasset" 269
"../../../ProjectTemp/Content/Texture/Weapon/T_M4A1_SopmodIronSight_N.uasset" 270
"../../../ProjectTemp/Content/Material/M_M4A1_Sopmod_Iron_Sight__M4A1_SopmodIronSight.uasset" 271
"../../../ProjectTemp/Content/Texture/Weapon/T_M4A1_SopmodMagazine_D.uasset" 272
"../../../ProjectTemp/Content/Material/M_M4A1_Sopmod_Magazine__M4A1_Sopmod_Magazine.uasset" 273
"../../../ProjectTemp/Content/Texture/Weapon/T_M4A1_SopmodBody_D.uasset" 274
"../../../ProjectTemp/Content/Texture/Weapon/T_M4A1_SopmodBody_N.uasset" 275
"../../../ProjectTemp/Content/Material/M_M4A1_SopmodBody.uasset" 276
"../../../ProjectTemp/Content/Actor/StaticMesh/SM_M4A1.uasset" 277
"../../../ProjectTemp/Content/Texture/Weapon/T_Pistol_D.uasset" 278
"../../../ProjectTemp/Content/Texture/Weapon/T_Pistol_N.uasset" 279
"../../../ProjectTemp/Content/Material/M_Pistol1.uasset" 280
"../../../ProjectTemp/Content/Actor/StaticMesh/SM_Pistol.uasset" 281
"../../../ProjectTemp/Content/Texture/Weapon/T_UMP45Mag_D.uasset" 282
"../../../ProjectTemp/Content/Texture/Weapon/T_UMP45Mag_N.uasset" 283
"../../../ProjectTemp/Content/Material/M_UMP45Mag.uasset" 284
"../../../ProjectTemp/Content/Actor/StaticMesh/SM_UMP45.uasset" 285
"../../../ProjectTemp/Content/Texture/Widget/T_M4A1.uasset" 286
"../../../ProjectTemp/Content/Texture/Widget/T_Pistol.uasset" 287
"../../../ProjectTemp/Content/Texture/Widget/T_Ump45.uasset" 288
"../../../ProjectTemp/Content/Blueprint/Gamemode/MainGame/BP_PC_GameWidget.uasset" 289
"../../../ProjectTemp/Content/Sound/Cue/Cue_M4A1Fire.uasset" 290
"../../../ProjectTemp/Content/Sound/Cue/Cue_PistolFire.uasset" 291
"../../../ProjectTemp/Content/Sound/Cue/Cue_Ump45Fire.uasset" 292
"../../../ProjectTemp/Content/Blueprint/Gamemode/MainGame/BP_MainGamePlayer.uasset" 293
"../../../ProjectTemp/Content/Blueprint/Gamemode/MainGame/BP_VR_BulletCount.uasset" 294
"../../../ProjectTemp/Content/Blueprint/Gamemode/MainGame/BP_VRUI_BulletCount.uasset" 295
"../../../ProjectTemp/Content/Texture/Level/T_LArraw.uasset" 296
"../../../ProjectTemp/Content/Material/M_LArraw.uasset" 297
"../../../ProjectTemp/Content/Material/M_M4A1_SopmodBody__N.uasset" 298
"../../../ProjectTemp/Content/Material/M_Pistol2.uasset" 299
"../../../ProjectTemp/Content/Material/M_Potion.uasset" 300
"../../../ProjectTemp/Content/Texture/Level/T_RArraw.uasset" 301
"../../../ProjectTemp/Content/Material/M_RArraw.uasset" 302
"../../../ProjectTemp/Content/Texture/Weapon/T_UMP45Body_D.uasset" 303
"../../../ProjectTemp/Content/Texture/Weapon/T_UMP45Body_N.uasset" 304
"../../../ProjectTemp/Content/Material/M_UMP45Body.uasset" 305
"../../../ProjectTemp/Content/Sound/Origin/S_Rain.uasset" 306
"../../../ProjectTemp/Content/Temp/Ghost/GhostMaterial.uasset" 307
"../../../ProjectTemp/Content/Temp/Ghost/Material__334.uasset" 308
"../../../ProjectTemp/Content/Temp/Ghost/Nintendoghost.uasset" 309
"../../../ProjectTemp/Content/Temp/Hand/HAND_C.uasset" 310
"../../../ProjectTemp/Content/Temp/Hand/HAND_N_.uasset" 311
"../../../ProjectTemp/Content/Temp/Hand/HAND_S.uasset" 312
"../../../ProjectTemp/Content/Temp/Hand/Material_004.uasset" 313
"../../../ProjectTemp/Content/Temp/Hand/Rigged_Hand_Cube_000.uasset" 314
"../../../ProjectTemp/Content/Temp/Hand/Rigged_Hand_Cube_005.uasset" 315
"../../../ProjectTemp/Content/Temp/Zombie1/Slasher2.uasset" 316
"../../../ProjectTemp/Content/Temp/Zombie1/SlasherNormal.uasset" 317
"../../../ProjectTemp/Content/Temp/Zombie1/Necromorph.uasset" 318
"../../../ProjectTemp/Content/Temp/Zombie1/Slasher.uasset" 319
"../../../ProjectTemp/Content/Texture/Level/T_Ceiling.uasset" 320
"../../../ProjectTemp/Content/Texture/Level/T_Obstacle.uasset" 321
"../../../ProjectTemp/Content/WeatherEffects/Blueprints/BP_Text.uasset" 322
"../../../ProjectTemp/Content/WeatherEffects/Materials/M_BaseColour.uasset" 323
"../../../ProjectTemp/Content/WeatherEffects/Materials/MIC_BaseColour.uasset" 324
"../../../ProjectTemp/Content/WeatherEffects/Textures/T_Rain_Drops_Glass.uasset" 325
"../../../ProjectTemp/Content/WeatherEffects/Textures/T_Rain_Streaks_Glass.uasset" 326
"../../../ProjectTemp/Content/WeatherEffects/Materials/M_Rain_Glass.uasset" 327
"../../../Engine/Content/Functions/Engine_MaterialFunctions02/Utility/Sign.uasset" 328
"../../../Engine/Content/Functions/Engine_MaterialFunctions02/Utility/Round.uasset" 329
"../../../Engine/Content/Functions/Engine_MaterialFunctions02/ExampleContent/Textures/flipbook.uasset" 330
"../../../Engine/Content/Functions/Engine_MaterialFunctions02/Texturing/FlipBook.uasset" 331
"../../../Engine/Content/Functions/Engine_MaterialFunctions03/Procedurals/NormalFromHeightmap.uasset" 332
"../../../ProjectTemp/Content/WeatherEffects/Textures/T_RainRipples_Flipbook.uasset" 333
"../../../ProjectTemp/Content/WeatherEffects/Materials/M_Rain_Ripples.uasset" 334
"../../../Engine/Content/Functions/Engine_MaterialFunctions02/Fresnel_Function.uasset" 335
"../../../ProjectTemp/Content/WeatherEffects/Textures/T_Rainbow.uasset" 336
"../../../ProjectTemp/Content/WeatherEffects/Textures/T_UV_Dither.uasset" 337
"../../../ProjectTemp/Content/WeatherEffects/Materials/M_Rainbow.uasset" 338
"../../../ProjectTemp/Content/WeatherEffects/Meshes/Rainbow.uasset" 339
"../../../ProjectTemp/Content/WeatherEffects/Textures/T_SnowFlake.uasset" 340
"../../../ProjectTemp/Content/WeatherEffects/Materials/M_Cloud.uasset" 341
"../../../ProjectTemp/Content/WeatherEffects/Particles/P_Ambient_Fog.uasset" 342
"../../../ProjectTemp/Content/WeatherEffects/Materials/M_SnowFlake.uasset" 343
"../../../ProjectTemp/Content/WeatherEffects/Particles/P_DustMotes.uasset" 344
"../../../ProjectTemp/Content/WeatherEffects/Textures/T_Leaf.uasset" 345
"../../../ProjectTemp/Content/WeatherEffects/Textures/T_Leaf_N.uasset" 346
"../../../ProjectTemp/Content/WeatherEffects/Materials/M_Leaf.uasset" 347
"../../../ProjectTemp/Content/WeatherEffects/Textures/T_LeafFlip.uasset" 348
"../../../ProjectTemp/Content/WeatherEffects/Materials/M_LeafFlip.uasset" 349
"../../../ProjectTemp/Content/WeatherEffects/Meshes/LeafMesh.uasset" 350
"../../../ProjectTemp/Content/WeatherEffects/Particles/P_Leaves.uasset" 351
"../../../ProjectTemp/Content/WeatherEffects/Textures/T_FrameClamp.uasset" 352
"../../../ProjectTemp/Content/WeatherEffects/Textures/T_Lightning.uasset" 353
"../../../ProjectTemp/Content/WeatherEffects/Textures/T_LightningMasks.uasset" 354
"../../../ProjectTemp/Content/WeatherEffects/Materials/M_Lightning.uasset" 355
"../../../ProjectTemp/Content/WeatherEffects/Materials/M_Transparent.uasset" 356
"../../../ProjectTemp/Content/WeatherEffects/Particles/P_Lightning.uasset" 357
"../../../ProjectTemp/Content/WeatherEffects/Particles/P_Snow_Blizzard.uasset" 358
"../../../ProjectTemp/Content/WeatherEffects/Particles/P_Snow_Gentle.uasset" 359
"../../../ProjectTemp/Content/WeatherEffects/Materials/M_SnowFlake_GPU.uasset" 360
"../../../ProjectTemp/Content/WeatherEffects/VectorFields/VF_Turbulence.uasset" 361
"../../../ProjectTemp/Content/WeatherEffects/Particles/NewParticles/P_Blizzard_Blowing.uasset" 362
"../../../ProjectTemp/Content/WeatherEffects/VectorFields/VF_Corner.uasset" 363
"../../../ProjectTemp/Content/WeatherEffects/Particles/NewParticles/P_Blizzard_Corner.uasset" 364
"../../../ProjectTemp/Content/WeatherEffects/VectorFields/VF_Swirl.uasset" 365
"../../../ProjectTemp/Content/WeatherEffects/Particles/NewParticles/P_Blizzard_Swirl.uasset" 366
"../../../ProjectTemp/Content/WeatherEffects/VectorFields/VF_Wall.uasset" 367
"../../../ProjectTemp/Content/WeatherEffects/Particles/NewParticles/P_Blizzard_Wall.uasset" 368
"../../../ProjectTemp/Content/WeatherEffects/Textures/T_Hail_N.uasset" 369
"../../../ProjectTemp/Content/WeatherEffects/Materials/M_HailStone.uasset" 370
"../../../ProjectTemp/Content/WeatherEffects/Textures/T_WaterDrop.uasset" 371
"../../../ProjectTemp/Content/WeatherEffects/Materials/M_RainDrop.uasset" 372
"../../../ProjectTemp/Content/WeatherEffects/Textures/T_RainSheet.uasset" 373
"../../../ProjectTemp/Content/WeatherEffects/Materials/M_RainSheet.uasset" 374
"../../../ProjectTemp/Content/WeatherEffects/Textures/T_Ripples.uasset" 375
"../../../ProjectTemp/Content/WeatherEffects/Textures/T_Ripples_N.uasset" 376
"../../../ProjectTemp/Content/WeatherEffects/Materials/M_Ripples.uasset" 377
"../../../ProjectTemp/Content/WeatherEffects/Meshes/HailStone.uasset" 378
"../../../ProjectTemp/Content/WeatherEffects/Particles/NewParticles/P_Hail.uasset" 379
"../../../ProjectTemp/Content/WeatherEffects/Textures/T_Leaf_Green.uasset" 380
"../../../ProjectTemp/Content/WeatherEffects/Textures/T_Leaf_Green_N.uasset" 381
"../../../ProjectTemp/Content/WeatherEffects/Materials/M_Leaf_Green.uasset" 382
"../../../ProjectTemp/Content/WeatherEffects/Materials/M_LeafFlip_GPU.uasset" 383
"../../../ProjectTemp/Content/WeatherEffects/Textures/T_LeafFragFlip.uasset" 384
"../../../ProjectTemp/Content/WeatherEffects/Materials/MIC_LeafFrag_GPU.uasset" 385
"../../../ProjectTemp/Content/WeatherEffects/Textures/T_LeafGreenFlip.uasset" 386
"../../../ProjectTemp/Content/WeatherEffects/Materials/MIC_LeafGreenFlip_GPU.uasset" 387
"../../../ProjectTemp/Content/WeatherEffects/Meshes/LeafGreenMesh.uasset" 388
"../../../ProjectTemp/Content/WeatherEffects/Particles/NewParticles/P_Leaves_Blowing.uasset" 389
"../../../ProjectTemp/Content/WeatherEffects/Particles/NewParticles/P_Leaves_Corner.uasset" 390
"../../../ProjectTemp/Content/WeatherEffects/Particles/NewParticles/P_Leaves_Swirl.uasset" 391
"../../../ProjectTemp/Content/WeatherEffects/Particles/NewParticles/P_Leaves_Wall.uasset" 392
"../../../ProjectTemp/Content/WeatherEffects/Materials/M_Cloud_Dark.uasset" 393
"../../../Engine/Content/Functions/Engine_MaterialFunctions01/Gradient/RadialGradientExponential.uasset" 394
"../../../ProjectTemp/Content/WeatherEffects/Materials/M_Glow.uasset" 395
"../../../ProjectTemp/Content/WeatherEffects/Textures/T_Lightning_Large.uasset" 396
"../../../ProjectTemp/Content/WeatherEffects/Materials/M_Lightning_Large.uasset" 397
"../../../ProjectTemp/Content/WeatherEffects/Textures/T_Lightning_Zaps.uasset" 398
"../../../ProjectTemp/Content/WeatherEffects/Materials/M_Lightning_Zaps.uasset" 399
"../../../ProjectTemp/Content/WeatherEffects/Particles/NewParticles/P_Lightning_Storm.uasset" 400
"../../../ProjectTemp/Content/WeatherEffects/Particles/NewParticles/P_Rain_Drips_Edge.uasset" 401
"../../../ProjectTemp/Content/WeatherEffects/Particles/NewParticles/P_Rain_Drips_Point.uasset" 402
"../../../ProjectTemp/Content/WeatherEffects/Particles/NewParticles/P_Snow_Blowing.uasset" 403
"../../../ProjectTemp/Content/WeatherEffects/Particles/NewParticles/P_Snow_Corner.uasset" 404
"../../../ProjectTemp/Content/WeatherEffects/Particles/NewParticles/P_Snow_Swirl.uasset" 405
"../../../ProjectTemp/Content/WeatherEffects/Particles/NewParticles/P_Snow_Wall.uasset" 406
"../../../Engine/Plugins/2D/Paper2D/Content/DummySprite.uasset" 407
"../../../Engine/Plugins/2D/Paper2D/Content/DefaultPaperTerrainMaterial.uasset" 408
"../../../Engine/Plugins/2D/Paper2D/Content/DefaultSpriteMaterial.uasset" 409
"../../../Engine/Plugins/2D/Paper2D/Content/MaskedUnlitSpriteMaterial.uasset" 410
"../../../Engine/Plugins/2D/Paper2D/Content/OpaqueUnlitSpriteMaterial.uasset" 411
"../../../Engine/Plugins/2D/Paper2D/Content/PlaceholderTextures/DummySpriteTexture.uasset" 412
"../../../ProjectTemp/Content/Texture/Widget/BACK.uasset" 413
"../../../ProjectTemp/Content/Blueprint/Gamemode/Help_Credit/BP_VR_Back.uasset" 414
"../../../ProjectTemp/Content/Blueprint/Gamemode/Help_Credit/BP_VRUI_Back.uasset" 415
"../../../ProjectTemp/Content/Blueprint/Gamemode/Help_Credit/BP_VR_Credit.uasset" 416
"../../../ProjectTemp/Content/Blueprint/Gamemode/Help_Credit/BP_VRUI_Credit.uasset" 417
"../../../Engine/Content/BasicShapes/Cone.uasset" 418
"../../../ProjectTemp/Content/Blueprint/Gamemode/Lobby/BP_LoobyPlayer.uasset" 419
"../../../ProjectTemp/Content/Blueprint/Actor/BP_LobbyPlatform.uasset" 420
"../../../ProjectTemp/Content/Texture/Widget/CREDIT.uasset" 421
"../../../ProjectTemp/Content/Texture/Widget/HELP.uasset" 422
"../../../ProjectTemp/Content/Texture/Widget/QUIT.uasset" 423
"../../../ProjectTemp/Content/Texture/Widget/START.uasset" 424
"../../../ProjectTemp/Content/Blueprint/Gamemode/Lobby/BP_VR_Lobby.uasset" 425
"../../../ProjectTemp/Content/Blueprint/Gamemode/Lobby/BP_VRUI_Lobby.uasset" 426
"../../../ProjectTemp/Content/Blueprint/Gamemode/Lobby/BP_Lobbymode.uasset" 427
"../../../ProjectTemp/Content/Level/Credit_BuiltData.uasset" 428
"../../../ProjectTemp/Content/Blueprint/Gamemode/Help_Credit/BP_PC_Credit.uasset" 429
"../../../ProjectTemp/Content/Level/Credit.umap" 430
"../../../ProjectTemp/Content/Texture/Widget/NEXT.uasset" 431
"../../../ProjectTemp/Content/Texture/Widget/T_LeftViveController.uasset" 432
"../../../ProjectTemp/Content/Texture/Widget/T_RightViveController.uasset" 433
"../../../ProjectTemp/Content/Blueprint/Gamemode/Help_Credit/BP_VR_Help.uasset" 434
"../../../ProjectTemp/Content/Blueprint/Gamemode/Help_Credit/BP_VRUI_Help.uasset" 435
"../../../ProjectTemp/Content/Level/Help_BuiltData.uasset" 436
"../../../ProjectTemp/Content/Blueprint/Gamemode/Help_Credit/BP_PC_Help.uasset" 437
"../../../ProjectTemp/Content/Level/Help.umap" 438
"../../../ProjectTemp/Content/Texture/Widget/TITLE.uasset" 439
"../../../ProjectTemp/Content/Blueprint/Gamemode/Lobby/BP_VR_TitleName.uasset" 440
"../../../ProjectTemp/Content/Blueprint/Gamemode/Lobby/BP_VRUI_TitleName.uasset" 441
"../../../ProjectTemp/Content/Level/Lobby_BuiltData.uasset" 442
"../../../ProjectTemp/Content/Blueprint/Gamemode/Lobby/BP_PC_Lobby.uasset" 443
"../../../ProjectTemp/Content/Level/Lobby.umap" 444
"../../../ProjectTemp/Content/Texture/Widget/GAMEOVER.uasset" 445
"../../../ProjectTemp/Content/Blueprint/Gamemode/MainGame/BP_VR_GameOver.uasset" 446
"../../../ProjectTemp/Content/Blueprint/Gamemode/MainGame/BP_VRUI_GameOver.uasset" 447
"../../../ProjectTemp/Content/Texture/Widget/MAIN.uasset" 448
"../../../ProjectTemp/Content/Texture/Widget/RETRY.uasset" 449
"../../../ProjectTemp/Content/Blueprint/Gamemode/MainGame/BP_VR_GameOverButton.uasset" 450
"../../../ProjectTemp/Content/Blueprint/Gamemode/MainGame/BP_VRUI_GameOverButton.uasset" 451
"../../../ProjectTemp/Content/Blueprint/Gamemode/MainGame/BP_VR_PlayerState.uasset" 452
"../../../ProjectTemp/Content/Blueprint/Gamemode/MainGame/BP_VRUI_PlayerState.uasset" 453
"../../../ProjectTemp/Content/Level/MainGame_BuiltData.uasset" 454
"../../../ProjectTemp/Content/Blueprint/Gamemode/MainGame/BP_PC_GameOver.uasset" 455
"../../../ProjectTemp/Content/WeatherEffects/Particles/P_Rain.uasset" 456
"../../../ProjectTemp/Content/Level/MainGame.umap" 457
"../../../Engine/Content/Maps/Entry.umap" 458
